<?xml version="1.0" encoding="UTF-8"?>
<testsuite xmlns:xsi="http://www.w3.org/2001/XMLSchema-instance" xsi:noNamespaceSchemaLocation="https://maven.apache.org/surefire/maven-surefire-plugin/xsd/surefire-test-report-3.0.xsd" version="3.0" name="tests.UserTest" time="0.011" tests="4" errors="0" skipped="0" failures="0">
  <properties>
[...]
</properties>
  <testcase name="testLoginSuccess" classname="tests.UserTest" time="0.004">
    <system-out><![CDATA[Время выполнения testLoginSuccess: 2 мс
]]></system-out>
  </testcase>
  <testcase name="testLoginFailure" classname="tests.UserTest" time="0.002">
    <system-out><![CDATA[Время выполнения testLoginFailure: 0 мс
]]></system-out>
  </testcase>
  <testcase name="testUsernameLength" classname="tests.UserTest" time="0.001">
    <system-out><![CDATA[Время выполнения testUsernameLength: 0 мс
]]></system-out>
  </testcase>
  <testcase name="testResetPassword" classname="tests.UserTest" time="0.001">
    <system-out><![CDATA[Время выполнения testResetPassword: 0 мс
]]></system-out>
  </testcase>
</testsuite>